<?xml version="1.0" encoding="UTF-8"?>
<!-- Generated by org.testng.reporters.JUnitXMLReporter -->
<testsuite ignored="5" hostname="DESKTOP-AQVOTS7" failures="0" tests="1" name="Default test" time="18.794" errors="0" timestamp="2025-01-27T02:34:59 EET">
  <testcase classname="MyTestCases" name="MultiplyTwoRandomNumbers" time="18.739"/>
  <testcase classname="MyTestCases" name="ClicknlyOnOddNumbers" time="0.0">
    <ignored/>
  </testcase> <!-- ClicknlyOnOddNumbers -->
  <testcase classname="MyTestCases" name="ClicknlyOnNumbers" time="0.0">
    <ignored/>
  </testcase> <!-- ClicknlyOnNumbers -->
  <testcase classname="MyTestCases" name="ClickOnALlItems" time="0.0">
    <ignored/>
  </testcase> <!-- ClickOnALlItems -->
  <testcase classname="MyTestCases" name="MultiplyTwoNumbers" time="0.0">
    <ignored/>
  </testcase> <!-- MultiplyTwoNumbers -->
  <testcase classname="MyTestCases" name="ClicknlyOnEvenNumbers" time="0.0">
    <ignored/>
  </testcase> <!-- ClicknlyOnEvenNumbers -->
</testsuite> <!-- Default test -->
