<?xml version="1.0" encoding="UTF-8"?>
<testng-results ignored="5" total="6" passed="1" failed="0" skipped="0">
  <reporter-output>
  </reporter-output>
  <suite started-at="2025-01-27T02:34:40 EET" name="Default suite" finished-at="2025-01-27T02:34:58 EET" duration-ms="18794">
    <groups>
    </groups>
    <test started-at="2025-01-27T02:34:40 EET" name="Default test" finished-at="2025-01-27T02:34:58 EET" duration-ms="18794">
      <class name="MyTestCases">
        <test-method is-config="true" signature="Setup()[pri:0, instance:MyTestCases@35cabb2a]" started-at="2025-01-27T02:34:40 EET" name="Setup" finished-at="2025-01-27T02:34:40 EET" duration-ms="17" status="PASS">
          <reporter-output>
          </reporter-output>
        </test-method> <!-- Setup -->
        <test-method signature="MultiplyTwoRandomNumbers()[pri:6, instance:MyTestCases@35cabb2a]" started-at="2025-01-27T02:34:40 EET" name="MultiplyTwoRandomNumbers" finished-at="2025-01-27T02:34:58 EET" duration-ms="18739" status="PASS">
          <reporter-output>
          </reporter-output>
        </test-method> <!-- MultiplyTwoRandomNumbers -->
      </class> <!-- MyTestCases -->
    </test> <!-- Default test -->
  </suite> <!-- Default suite -->
</testng-results>
